<?xml version="1.0" encoding="UTF-8"?>
<!-- Generated by org.testng.reporters.JUnitReportReporter -->
<testsuite skipped="0" hostname="Girish-Laptop" name="Nasa.API.ValidateFields" tests="4" failures="0" timestamp="21 Apr 2019 23:48:09 GMT" time="5.222" errors="0">
  <testcase name="verifyUrl" time="0.006" classname="Nasa.API.ValidateFields"/>
  <testcase name="verifyDate" time="0.074" classname="Nasa.API.ValidateFields"/>
  <testcase name="validateQuery" time="3.878" classname="Nasa.API.ValidateFields"/>
  <testcase name="verifyStatusCode" time="1.264" classname="Nasa.API.ValidateFields"/>
</testsuite> <!-- Nasa.API.ValidateFields -->
