<?xml version="1.0" encoding="UTF-8"?>
<!-- Generated by org.testng.reporters.JUnitReportReporter -->
<testsuite skipped="0" hostname="Girish-Laptop" name="Nasa.API.APIValidateFieldsTest" tests="4" failures="0" timestamp="22 Apr 2019 06:47:54 GMT" time="5.188" errors="0">
  <testcase name="verifyDate" time="0.069" classname="Nasa.API.APIValidateFieldsTest"/>
  <testcase name="verifyUrl" time="0.006" classname="Nasa.API.APIValidateFieldsTest"/>
  <testcase name="validateQuery" time="3.881" classname="Nasa.API.APIValidateFieldsTest"/>
  <testcase name="verifyStatusCode" time="1.232" classname="Nasa.API.APIValidateFieldsTest"/>
</testsuite> <!-- Nasa.API.APIValidateFieldsTest -->
